#
# There is insufficient memory for the Java Runtime Environment to continue.
# Native memory allocation (malloc) failed to allocate 1048576 bytes. Error detail: AllocateHeap
# Possible reasons:
#   The system is out of physical RAM or swap space
#   This process is running with CompressedOops enabled, and the Java Heap may be blocking the growth of the native heap
# Possible solutions:
#   Reduce memory load on the system
#   Increase physical memory or swap space
#   Check if swap backing store is full
#   Decrease Java heap size (-Xmx/-Xms)
#   Decrease number of Java threads
#   Decrease Java thread stack sizes (-Xss)
#   Set larger code cache with -XX:ReservedCodeCacheSize=
#   JVM is running with Unscaled Compressed Oops mode in which the Java heap is
#     placed in the first 4GB address space. The Java Heap base address is the
#     maximum limit for the native heap growth. Please use -XX:HeapBaseMinAddress
#     to set the Java Heap base and to place the Java Heap above 4GB virtual address.
# This output file may be truncated or incomplete.
#
#  Out of Memory Error (allocation.cpp:44), pid=13360, tid=10292
#
# JRE version: OpenJDK Runtime Environment Temurin-17.0.11+9 (17.0.11+9) (build 17.0.11+9)
# Java VM: OpenJDK 64-Bit Server VM Temurin-17.0.11+9 (17.0.11+9, mixed mode, emulated-client, tiered, compressed oops, compressed class ptrs, g1 gc, windows-amd64)
# No core dump will be written. Minidumps are not enabled by default on client versions of Windows
#

---------------  S U M M A R Y ------------

Command Line: -Xmx1024m -Dsts.lsp.client=vscode -Dsts.log.file=/dev/null -XX:TieredStopAtLevel=1 -Xlog:jni+resolve=off -Dspring.config.location=file:c:\Users\Camilo\.vscode\extensions\vmware.vscode-spring-boot-1.55.0\language-server\BOOT-INF\classes\application.properties org.springframework.ide.vscode.boot.app.BootLanguageServerBootApp

Host: Intel(R) Pentium(R) CPU 5405U @ 2.30GHz, 4 cores, 3G,  Windows 10 , 64 bit Build 19041 (10.0.19041.3636)
Time: Thu Jun 13 00:21:34 2024 Hora est. Pacífico, Sudamérica elapsed time: 52520.715970 seconds (0d 14h 35m 20s)

---------------  T H R E A D  ---------------

Current thread (0x000001d3ff91e720):  VMThread "VM Thread" [stack: 0x000000a044500000,0x000000a044600000] [id=10292]

Stack: [0x000000a044500000,0x000000a044600000]
Native frames: (J=compiled Java code, j=interpreted, Vv=VM code, C=native code)
V  [jvm.dll+0x67d429]
V  [jvm.dll+0x834b7a]
V  [jvm.dll+0x83663e]
V  [jvm.dll+0x836ca3]
V  [jvm.dll+0x247dbf]
V  [jvm.dll+0xa6cb3]
V  [jvm.dll+0x2f8ad3]
V  [jvm.dll+0x2f4750]
V  [jvm.dll+0x2dcf67]
V  [jvm.dll+0x31fb67]
V  [jvm.dll+0x83b19b]
V  [jvm.dll+0x83bed2]
V  [jvm.dll+0x83c3ed]
V  [jvm.dll+0x83c7c4]
V  [jvm.dll+0x83c890]
V  [jvm.dll+0x7e410a]
V  [jvm.dll+0x67c315]
C  [ucrtbase.dll+0x21bb2]
C  [KERNEL32.DLL+0x17344]
C  [ntdll.dll+0x526b1]

VM_Operation (0x000000a0457fea90): G1CollectFull, mode: safepoint, requested by thread 0x000001d38f3cd990


---------------  P R O C E S S  ---------------

Threads class SMR info:
_java_thread_list=0x000001d38ffe0170, length=23, elements={
0x000001d3ff933730, 0x000001d3ff9345b0, 0x000001d3ff978130, 0x000001d3ff97aa10,
0x000001d3ff97b2e0, 0x000001d3ff97bbb0, 0x000001d3ff97c480, 0x000001d38e008070,
0x000001d38e1da5d0, 0x000001d38e1ec620, 0x000001d38f3cfd00, 0x000001d38f3cd990,
0x000001d38f3cedd0, 0x000001d38f3ce8c0, 0x000001d38f3ccf70, 0x000001d38f3cf2e0,
0x000001d38f3cdea0, 0x000001d38f3cca60, 0x000001d38f3cd480, 0x000001d38f3ce3b0,
0x000001d38f835d60, 0x000001d38f8385e0, 0x000001d38f837bc0
}

Java Threads: ( => current thread )
  0x000001d3ff933730 JavaThread "Reference Handler" daemon [_thread_blocked, id=12196, stack(0x000000a044600000,0x000000a044700000)]
  0x000001d3ff9345b0 JavaThread "Finalizer" daemon [_thread_blocked, id=8876, stack(0x000000a044700000,0x000000a044800000)]
  0x000001d3ff978130 JavaThread "Signal Dispatcher" daemon [_thread_blocked, id=3788, stack(0x000000a044800000,0x000000a044900000)]
  0x000001d3ff97aa10 JavaThread "Attach Listener" daemon [_thread_blocked, id=15876, stack(0x000000a044900000,0x000000a044a00000)]
  0x000001d3ff97b2e0 JavaThread "Service Thread" daemon [_thread_blocked, id=1460, stack(0x000000a044a00000,0x000000a044b00000)]
  0x000001d3ff97bbb0 JavaThread "Monitor Deflation Thread" daemon [_thread_blocked, id=6660, stack(0x000000a044b00000,0x000000a044c00000)]
  0x000001d3ff97c480 JavaThread "C1 CompilerThread0" daemon [_thread_blocked, id=13136, stack(0x000000a044c00000,0x000000a044d00000)]
  0x000001d38e008070 JavaThread "Sweeper thread" daemon [_thread_blocked, id=13988, stack(0x000000a044d00000,0x000000a044e00000)]
  0x000001d38e1da5d0 JavaThread "Notification Thread" daemon [_thread_blocked, id=8376, stack(0x000000a044f00000,0x000000a045000000)]
  0x000001d38e1ec620 JavaThread "Common-Cleaner" daemon [_thread_blocked, id=5260, stack(0x000000a045100000,0x000000a045200000)]
  0x000001d38f3cfd00 JavaThread "boundedElastic-evictor-1" daemon [_thread_blocked, id=13364, stack(0x000000a045500000,0x000000a045600000)]
  0x000001d38f3cd990 JavaThread "pool-13-thread-1" [_thread_blocked, id=11712, stack(0x000000a045700000,0x000000a045800000)]
  0x000001d38f3cedd0 JavaThread "LanguageServerApp-lifecycle" [_thread_blocked, id=12628, stack(0x000000a045800000,0x000000a045900000)]
  0x000001d38f3ce8c0 JavaThread "DestroyJavaVM" [_thread_blocked, id=15824, stack(0x000000a043f00000,0x000000a044000000)]
  0x000001d38f3ccf70 JavaThread "pool-14-thread-1" [_thread_in_native, id=14076, stack(0x000000a045900000,0x000000a045a00000)]
  0x000001d38f3cf2e0 JavaThread "Simple-Language-Server main thread" daemon [_thread_blocked, id=13404, stack(0x000000a045a00000,0x000000a045b00000)]
  0x000001d38f3cdea0 JavaThread "pool-8-thread-1" [_thread_blocked, id=7556, stack(0x000000a045b00000,0x000000a045c00000)]
  0x000001d38f3cca60 JavaThread "parallel-1" daemon [_thread_blocked, id=11532, stack(0x000000a045c00000,0x000000a045d00000)]
  0x000001d38f3cd480 JavaThread "pool-6-thread-1" [_thread_blocked, id=14676, stack(0x000000a045e00000,0x000000a045f00000)]
  0x000001d38f3ce3b0 JavaThread "parallel-2" daemon [_thread_blocked, id=17664, stack(0x000000a045f00000,0x000000a046000000)]
  0x000001d38f835d60 JavaThread "Reconciler-1" daemon [_thread_blocked, id=14780, stack(0x000000a046400000,0x000000a046500000)]
  0x000001d38f8385e0 JavaThread "parallel-3" daemon [_thread_blocked, id=16512, stack(0x000000a043d00000,0x000000a043e00000)]
  0x000001d38f837bc0 JavaThread "parallel-4" daemon [_thread_blocked, id=4844, stack(0x000000a044e00000,0x000000a044f00000)]

Other Threads:
=>0x000001d3ff91e720 VMThread "VM Thread" [stack: 0x000000a044500000,0x000000a044600000] [id=10292]
  0x000001d38e1dcac0 WatcherThread [stack: 0x000000a045000000,0x000000a045100000] [id=3528]
  0x000001d3ff004af0 GCTaskThread "GC Thread#0" [stack: 0x000000a044000000,0x000000a044100000] [id=10380]
  0x000001d38e85ad30 GCTaskThread "GC Thread#1" [stack: 0x000000a045200000,0x000000a045300000] [id=17840]
  0x000001d38e89ac70 GCTaskThread "GC Thread#2" [stack: 0x000000a045300000,0x000000a045400000] [id=13956]
  0x000001d38e02a440 GCTaskThread "GC Thread#3" [stack: 0x000000a045400000,0x000000a045500000] [id=2932]
  0x000001d3ff00da40 ConcurrentGCThread "G1 Main Marker" [stack: 0x000000a044100000,0x000000a044200000] [id=11932]
  0x000001d3ff00e460 ConcurrentGCThread "G1 Conc#0" [stack: 0x000000a044200000,0x000000a044300000] [id=3204]
  0x000001d3ff04b0b0 ConcurrentGCThread "G1 Refine#0" [stack: 0x000000a044300000,0x000000a044400000] [id=13432]
  0x000001d38f0a1380 ConcurrentGCThread "G1 Refine#1" [stack: 0x000000a046a00000,0x000000a046b00000] [id=1416]
  0x000001d39003d9c0 ConcurrentGCThread "G1 Refine#2" [stack: 0x000000a046c00000,0x000000a046d00000] [id=15740]
  0x000001d39007d340 ConcurrentGCThread "G1 Refine#3" [stack: 0x000000a046d00000,0x000000a046e00000] [id=14084]
  0x000001d3ff04caf0 ConcurrentGCThread "G1 Service" [stack: 0x000000a044400000,0x000000a044500000] [id=14012]

Threads with active compile tasks:

VM state: at safepoint (normal execution)

VM Mutex/Monitor currently owned by a thread:  ([mutex/lock_event])
[0x000001d3fcdd5c50] Threads_lock - owner thread: 0x000001d3ff91e720
[0x000001d3fefc63f0] Heap_lock - owner thread: 0x000001d38f3cd990

Heap address: 0x00000000c0000000, size: 1024 MB, Compressed Oops mode: 32-bit

CDS archive(s) not mapped
Compressed class space mapped at: 0x0000000100000000-0x0000000140000000, reserved size: 1073741824
Narrow klass base: 0x0000000000000000, Narrow klass shift: 3, Narrow klass range: 0x140000000

GC Precious Log:
 CPUs: 4 total, 4 available
 Memory: 3948M
 Large Page Support: Disabled
 NUMA Support: Disabled
 Compressed Oops: Enabled (32-bit)
 Heap Region Size: 1M
 Heap Min Capacity: 8M
 Heap Initial Capacity: 62M
 Heap Max Capacity: 1G
 Pre-touch: Disabled
 Parallel Workers: 4
 Concurrent Workers: 1
 Concurrent Refinement Workers: 4
 Periodic GC: Disabled

Heap:
 garbage-first heap   total 133120K, used 39395K [0x00000000c0000000, 0x0000000100000000)
  region size 1024K, 1 young (1024K), 0 survivors (0K)
 Metaspace       used 54427K, committed 54976K, reserved 1114112K
  class space    used 7882K, committed 8128K, reserved 1048576K

Heap Regions: E=young(eden), S=young(survivor), O=old, HS=humongous(starts), HC=humongous(continues), CS=collection set, F=free, OA=open archive, CA=closed archive, TAMS=top-at-mark-start (previous, next)
|   0|0x00000000c0000000, 0x00000000c0100000, 0x00000000c0100000|100%|HS|  |TAMS 0x00000000c0100000, 0x00000000c0000000| Untracked 
|   1|0x00000000c0100000, 0x00000000c0200000, 0x00000000c0200000|100%|HC|  |TAMS 0x00000000c0200000, 0x00000000c0100000| Untracked 
|   2|0x00000000c0200000, 0x00000000c0300000, 0x00000000c0300000|100%|HC|  |TAMS 0x00000000c0300000, 0x00000000c0200000| Untracked 
|   3|0x00000000c0300000, 0x00000000c0400000, 0x00000000c0400000|100%|HC|  |TAMS 0x00000000c0400000, 0x00000000c0300000| Untracked 
|   4|0x00000000c0400000, 0x00000000c0500000, 0x00000000c0500000|100%| O|  |TAMS 0x00000000c0500000, 0x00000000c0400000| Untracked 
|   5|0x00000000c0500000, 0x00000000c05ffff8, 0x00000000c0600000| 99%| O|  |TAMS 0x00000000c05ffff8, 0x00000000c0500000| Untracked 
|   6|0x00000000c0600000, 0x00000000c0700000, 0x00000000c0700000|100%| O|  |TAMS 0x00000000c0700000, 0x00000000c0600000| Untracked 
|   7|0x00000000c0700000, 0x00000000c0800000, 0x00000000c0800000|100%| O|  |TAMS 0x00000000c0800000, 0x00000000c0700000| Untracked 
|   8|0x00000000c0800000, 0x00000000c0900000, 0x00000000c0900000|100%| O|  |TAMS 0x00000000c0900000, 0x00000000c0800000| Untracked 
|   9|0x00000000c0900000, 0x00000000c0a00000, 0x00000000c0a00000|100%| O|  |TAMS 0x00000000c0a00000, 0x00000000c0900000| Untracked 
|  10|0x00000000c0a00000, 0x00000000c0b00000, 0x00000000c0b00000|100%|HS|  |TAMS 0x00000000c0b00000, 0x00000000c0a00000| Untracked 
|  11|0x00000000c0b00000, 0x00000000c0c00000, 0x00000000c0c00000|100%|HC|  |TAMS 0x00000000c0c00000, 0x00000000c0b00000| Untracked 
|  12|0x00000000c0c00000, 0x00000000c0cfffe0, 0x00000000c0d00000| 99%| O|  |TAMS 0x00000000c0cfffe0, 0x00000000c0c00000| Untracked 
|  13|0x00000000c0d00000, 0x00000000c0dfdde8, 0x00000000c0e00000| 99%| O|  |TAMS 0x00000000c0dfdde8, 0x00000000c0d00000| Untracked 
|  14|0x00000000c0e00000, 0x00000000c0efffe0, 0x00000000c0f00000| 99%| O|  |TAMS 0x00000000c0efffe0, 0x00000000c0e00000| Untracked 
|  15|0x00000000c0f00000, 0x00000000c1000000, 0x00000000c1000000|100%| O|  |TAMS 0x00000000c1000000, 0x00000000c0f00000| Untracked 
|  16|0x00000000c1000000, 0x00000000c1100000, 0x00000000c1100000|100%| O|  |TAMS 0x00000000c1100000, 0x00000000c1000000| Untracked 
|  17|0x00000000c1100000, 0x00000000c1200000, 0x00000000c1200000|100%| O|  |TAMS 0x00000000c1200000, 0x00000000c1100000| Untracked 
|  18|0x00000000c1200000, 0x00000000c12fffc0, 0x00000000c1300000| 99%| O|  |TAMS 0x00000000c12fffc0, 0x00000000c1200000| Untracked 
|  19|0x00000000c1300000, 0x00000000c13fffe0, 0x00000000c1400000| 99%| O|  |TAMS 0x00000000c13fffe0, 0x00000000c1300000| Untracked 
|  20|0x00000000c1400000, 0x00000000c14ffff8, 0x00000000c1500000| 99%| O|  |TAMS 0x00000000c14ffff8, 0x00000000c1400000| Untracked 
|  21|0x00000000c1500000, 0x00000000c15fffb0, 0x00000000c1600000| 99%| O|  |TAMS 0x00000000c15fffb0, 0x00000000c1500000| Untracked 
|  22|0x00000000c1600000, 0x00000000c16fffe8, 0x00000000c1700000| 99%| O|  |TAMS 0x00000000c16fffe8, 0x00000000c1600000| Untracked 
|  23|0x00000000c1700000, 0x00000000c17ffab0, 0x00000000c1800000| 99%| O|  |TAMS 0x00000000c17ffab0, 0x00000000c1700000| Untracked 
|  24|0x00000000c1800000, 0x00000000c18fffd8, 0x00000000c1900000| 99%| O|  |TAMS 0x00000000c18fffd8, 0x00000000c1800000| Untracked 
|  25|0x00000000c1900000, 0x00000000c19fffe0, 0x00000000c1a00000| 99%| O|  |TAMS 0x00000000c19fffe0, 0x00000000c1900000| Untracked 
|  26|0x00000000c1a00000, 0x00000000c1b00000, 0x00000000c1b00000|100%| O|  |TAMS 0x00000000c1b00000, 0x00000000c1a00000| Untracked 
|  27|0x00000000c1b00000, 0x00000000c1bffff8, 0x00000000c1c00000| 99%| O|  |TAMS 0x00000000c1bffff8, 0x00000000c1b00000| Untracked 
|  28|0x00000000c1c00000, 0x00000000c1cfffc0, 0x00000000c1d00000| 99%| O|  |TAMS 0x00000000c1cfffc0, 0x00000000c1c00000| Untracked 
|  29|0x00000000c1d00000, 0x00000000c1dfffe8, 0x00000000c1e00000| 99%| O|  |TAMS 0x00000000c1dfffe8, 0x00000000c1d00000| Untracked 
|  30|0x00000000c1e00000, 0x00000000c1effff0, 0x00000000c1f00000| 99%| O|  |TAMS 0x00000000c1effff0, 0x00000000c1e00000| Untracked 
|  31|0x00000000c1f00000, 0x00000000c2000000, 0x00000000c2000000|100%| O|  |TAMS 0x00000000c2000000, 0x00000000c1f00000| Untracked 
|  32|0x00000000c2000000, 0x00000000c20fffe0, 0x00000000c2100000| 99%| O|  |TAMS 0x00000000c20fffe0, 0x00000000c2000000| Untracked 
|  33|0x00000000c2100000, 0x00000000c21ffff0, 0x00000000c2200000| 99%| O|  |TAMS 0x00000000c21ffff0, 0x00000000c2100000| Untracked 
|  34|0x00000000c2200000, 0x00000000c22fffb8, 0x00000000c2300000| 99%| O|  |TAMS 0x00000000c22fffb8, 0x00000000c2200000| Untracked 
|  35|0x00000000c2300000, 0x00000000c237c368, 0x00000000c2400000| 48%| O|  |TAMS 0x00000000c2300000, 0x00000000c2300000| Untracked 
|  36|0x00000000c2400000, 0x00000000c24ff280, 0x00000000c2500000| 99%| O|  |TAMS 0x00000000c24ff280, 0x00000000c2400000| Untracked 
|  37|0x00000000c2500000, 0x00000000c2500068, 0x00000000c2600000|  0%| O|  |TAMS 0x00000000c2500000, 0x00000000c2500000| Untracked 
|  38|0x00000000c2600000, 0x00000000c2600000, 0x00000000c2700000|  0%| F|  |TAMS 0x00000000c2600000, 0x00000000c2600000| Untracked 
|  39|0x00000000c2700000, 0x00000000c2700000, 0x00000000c2800000|  0%| F|  |TAMS 0x00000000c2700000, 0x00000000c2700000| Untracked 
|  40|0x00000000c2800000, 0x00000000c2800000, 0x00000000c2900000|  0%| F|  |TAMS 0x00000000c2800000, 0x00000000c2800000| Untracked 
|  41|0x00000000c2900000, 0x00000000c2900000, 0x00000000c2a00000|  0%| F|  |TAMS 0x00000000c2900000, 0x00000000c2900000| Untracked 
|  42|0x00000000c2a00000, 0x00000000c2a00000, 0x00000000c2b00000|  0%| F|  |TAMS 0x00000000c2a00000, 0x00000000c2a00000| Untracked 
|  43|0x00000000c2b00000, 0x00000000c2b00000, 0x00000000c2c00000|  0%| F|  |TAMS 0x00000000c2b00000, 0x00000000c2b00000| Untracked 
|  44|0x00000000c2c00000, 0x00000000c2c00000, 0x00000000c2d00000|  0%| F|  |TAMS 0x00000000c2c00000, 0x00000000c2c00000| Untracked 
|  45|0x00000000c2d00000, 0x00000000c2d00000, 0x00000000c2e00000|  0%| F|  |TAMS 0x00000000c2d00000, 0x00000000c2d00000| Untracked 
|  46|0x00000000c2e00000, 0x00000000c2e00000, 0x00000000c2f00000|  0%| F|  |TAMS 0x00000000c2e00000, 0x00000000c2e00000| Untracked 
|  47|0x00000000c2f00000, 0x00000000c2f00000, 0x00000000c3000000|  0%| F|  |TAMS 0x00000000c2f00000, 0x00000000c2f00000| Untracked 
|  48|0x00000000c3000000, 0x00000000c3000000, 0x00000000c3100000|  0%| F|  |TAMS 0x00000000c3000000, 0x00000000c3000000| Untracked 
|  49|0x00000000c3100000, 0x00000000c3100000, 0x00000000c3200000|  0%| F|  |TAMS 0x00000000c3100000, 0x00000000c3100000| Untracked 
|  50|0x00000000c3200000, 0x00000000c3200000, 0x00000000c3300000|  0%| F|  |TAMS 0x00000000c3200000, 0x00000000c3200000| Untracked 
|  51|0x00000000c3300000, 0x00000000c3400000, 0x00000000c3400000|100%| O|  |TAMS 0x00000000c3400000, 0x00000000c3300000| Untracked 
|  52|0x00000000c3400000, 0x00000000c3400000, 0x00000000c3500000|  0%| F|  |TAMS 0x00000000c3400000, 0x00000000c3400000| Untracked 
|  53|0x00000000c3500000, 0x00000000c3500000, 0x00000000c3600000|  0%| F|  |TAMS 0x00000000c3500000, 0x00000000c3500000| Untracked 
|  54|0x00000000c3600000, 0x00000000c3600000, 0x00000000c3700000|  0%| F|  |TAMS 0x00000000c3600000, 0x00000000c3600000| Untracked 
|  55|0x00000000c3700000, 0x00000000c3700000, 0x00000000c3800000|  0%| F|  |TAMS 0x00000000c3700000, 0x00000000c3700000| Untracked 
|  56|0x00000000c3800000, 0x00000000c3800000, 0x00000000c3900000|  0%| F|  |TAMS 0x00000000c3800000, 0x00000000c3800000| Untracked 
|  57|0x00000000c3900000, 0x00000000c3900000, 0x00000000c3a00000|  0%| F|  |TAMS 0x00000000c3900000, 0x00000000c3900000| Untracked 
|  58|0x00000000c3a00000, 0x00000000c3a00000, 0x00000000c3b00000|  0%| F|  |TAMS 0x00000000c3a00000, 0x00000000c3a00000| Untracked 
|  59|0x00000000c3b00000, 0x00000000c3b00000, 0x00000000c3c00000|  0%| F|  |TAMS 0x00000000c3b00000, 0x00000000c3b00000| Untracked 
|  60|0x00000000c3c00000, 0x00000000c3c00000, 0x00000000c3d00000|  0%| F|  |TAMS 0x00000000c3c00000, 0x00000000c3c00000| Untracked 
|  61|0x00000000c3d00000, 0x00000000c3d00000, 0x00000000c3e00000|  0%| F|  |TAMS 0x00000000c3d00000, 0x00000000c3d00000| Untracked 
|  62|0x00000000c3e00000, 0x00000000c3e00000, 0x00000000c3f00000|  0%| F|  |TAMS 0x00000000c3e00000, 0x00000000c3e00000| Untracked 
|  63|0x00000000c3f00000, 0x00000000c3f00000, 0x00000000c4000000|  0%| F|  |TAMS 0x00000000c3f00000, 0x00000000c3f00000| Untracked 
|  64|0x00000000c4000000, 0x00000000c4000000, 0x00000000c4100000|  0%| F|  |TAMS 0x00000000c4000000, 0x00000000c4000000| Untracked 
|  65|0x00000000c4100000, 0x00000000c4100000, 0x00000000c4200000|  0%| F|  |TAMS 0x00000000c4100000, 0x00000000c4100000| Untracked 
|  66|0x00000000c4200000, 0x00000000c4200000, 0x00000000c4300000|  0%| F|  |TAMS 0x00000000c4200000, 0x00000000c4200000| Untracked 
|  67|0x00000000c4300000, 0x00000000c4300000, 0x00000000c4400000|  0%| F|  |TAMS 0x00000000c4300000, 0x00000000c4300000| Untracked 
|  68|0x00000000c4400000, 0x00000000c4400000, 0x00000000c4500000|  0%| F|  |TAMS 0x00000000c4400000, 0x00000000c4400000| Untracked 
|  69|0x00000000c4500000, 0x00000000c4500000, 0x00000000c4600000|  0%| F|  |TAMS 0x00000000c4500000, 0x00000000c4500000| Untracked 
|  70|0x00000000c4600000, 0x00000000c4600000, 0x00000000c4700000|  0%| F|  |TAMS 0x00000000c4600000, 0x00000000c4600000| Untracked 
|  71|0x00000000c4700000, 0x00000000c4700000, 0x00000000c4800000|  0%| F|  |TAMS 0x00000000c4700000, 0x00000000c4700000| Untracked 
|  72|0x00000000c4800000, 0x00000000c4800000, 0x00000000c4900000|  0%| F|  |TAMS 0x00000000c4800000, 0x00000000c4800000| Untracked 
|  73|0x00000000c4900000, 0x00000000c4900000, 0x00000000c4a00000|  0%| F|  |TAMS 0x00000000c4900000, 0x00000000c4900000| Untracked 
|  74|0x00000000c4a00000, 0x00000000c4a00000, 0x00000000c4b00000|  0%| F|  |TAMS 0x00000000c4a00000, 0x00000000c4a00000| Untracked 
|  75|0x00000000c4b00000, 0x00000000c4b00000, 0x00000000c4c00000|  0%| F|  |TAMS 0x00000000c4b00000, 0x00000000c4b00000| Untracked 
|  76|0x00000000c4c00000, 0x00000000c4c00000, 0x00000000c4d00000|  0%| F|  |TAMS 0x00000000c4c00000, 0x00000000c4c00000| Untracked 
|  77|0x00000000c4d00000, 0x00000000c4d00000, 0x00000000c4e00000|  0%| F|  |TAMS 0x00000000c4d00000, 0x00000000c4d00000| Untracked 
|  78|0x00000000c4e00000, 0x00000000c4e00000, 0x00000000c4f00000|  0%| F|  |TAMS 0x00000000c4e00000, 0x00000000c4e00000| Untracked 
|  79|0x00000000c4f00000, 0x00000000c4f00000, 0x00000000c5000000|  0%| F|  |TAMS 0x00000000c4f00000, 0x00000000c4f00000| Untracked 
|  80|0x00000000c5000000, 0x00000000c5000000, 0x00000000c5100000|  0%| F|  |TAMS 0x00000000c5000000, 0x00000000c5000000| Untracked 
|  81|0x00000000c5100000, 0x00000000c5100000, 0x00000000c5200000|  0%| F|  |TAMS 0x00000000c5100000, 0x00000000c5100000| Untracked 
|  82|0x00000000c5200000, 0x00000000c5200000, 0x00000000c5300000|  0%| F|  |TAMS 0x00000000c5200000, 0x00000000c5200000| Untracked 
|  83|0x00000000c5300000, 0x00000000c5300000, 0x00000000c5400000|  0%| F|  |TAMS 0x00000000c5300000, 0x00000000c5300000| Untracked 
|  84|0x00000000c5400000, 0x00000000c5400000, 0x00000000c5500000|  0%| F|  |TAMS 0x00000000c5400000, 0x00000000c5400000| Untracked 
|  85|0x00000000c5500000, 0x00000000c5500000, 0x00000000c5600000|  0%| F|  |TAMS 0x00000000c5500000, 0x00000000c5500000| Untracked 
|  86|0x00000000c5600000, 0x00000000c5600000, 0x00000000c5700000|  0%| F|  |TAMS 0x00000000c5600000, 0x00000000c5600000| Untracked 
|  87|0x00000000c5700000, 0x00000000c5700000, 0x00000000c5800000|  0%| F|  |TAMS 0x00000000c5700000, 0x00000000c5700000| Untracked 
|  88|0x00000000c5800000, 0x00000000c5800000, 0x00000000c5900000|  0%| F|  |TAMS 0x00000000c5800000, 0x00000000c5800000| Untracked 
|  89|0x00000000c5900000, 0x00000000c5900000, 0x00000000c5a00000|  0%| F|  |TAMS 0x00000000c5900000, 0x00000000c5900000| Untracked 
|  90|0x00000000c5a00000, 0x00000000c5a00000, 0x00000000c5b00000|  0%| F|  |TAMS 0x00000000c5a00000, 0x00000000c5a00000| Untracked 
|  91|0x00000000c5b00000, 0x00000000c5b00000, 0x00000000c5c00000|  0%| F|  |TAMS 0x00000000c5b00000, 0x00000000c5b00000| Untracked 
|  92|0x00000000c5c00000, 0x00000000c5c00000, 0x00000000c5d00000|  0%| F|  |TAMS 0x00000000c5c00000, 0x00000000c5c00000| Untracked 
|  93|0x00000000c5d00000, 0x00000000c5d00000, 0x00000000c5e00000|  0%| F|  |TAMS 0x00000000c5d00000, 0x00000000c5d00000| Untracked 
|  94|0x00000000c5e00000, 0x00000000c5e00000, 0x00000000c5f00000|  0%| F|  |TAMS 0x00000000c5e00000, 0x00000000c5e00000| Untracked 
|  95|0x00000000c5f00000, 0x00000000c5f00000, 0x00000000c6000000|  0%| F|  |TAMS 0x00000000c5f00000, 0x00000000c5f00000| Untracked 
|  96|0x00000000c6000000, 0x00000000c6000000, 0x00000000c6100000|  0%| F|  |TAMS 0x00000000c6000000, 0x00000000c6000000| Untracked 
|  97|0x00000000c6100000, 0x00000000c6100000, 0x00000000c6200000|  0%| F|  |TAMS 0x00000000c6100000, 0x00000000c6100000| Untracked 
|  98|0x00000000c6200000, 0x00000000c6200000, 0x00000000c6300000|  0%| F|  |TAMS 0x00000000c6200000, 0x00000000c6200000| Untracked 
|  99|0x00000000c6300000, 0x00000000c6300000, 0x00000000c6400000|  0%| F|  |TAMS 0x00000000c6300000, 0x00000000c6300000| Untracked 
| 100|0x00000000c6400000, 0x00000000c6400000, 0x00000000c6500000|  0%| F|  |TAMS 0x00000000c6400000, 0x00000000c6400000| Untracked 
| 101|0x00000000c6500000, 0x00000000c6500000, 0x00000000c6600000|  0%| F|  |TAMS 0x00000000c6500000, 0x00000000c6500000| Untracked 
| 102|0x00000000c6600000, 0x00000000c6600000, 0x00000000c6700000|  0%| F|  |TAMS 0x00000000c6600000, 0x00000000c6600000| Untracked 
| 103|0x00000000c6700000, 0x00000000c6700000, 0x00000000c6800000|  0%| F|  |TAMS 0x00000000c6700000, 0x00000000c6700000| Untracked 
| 104|0x00000000c6800000, 0x00000000c6800000, 0x00000000c6900000|  0%| F|  |TAMS 0x00000000c6800000, 0x00000000c6800000| Untracked 
| 105|0x00000000c6900000, 0x00000000c6900000, 0x00000000c6a00000|  0%| F|  |TAMS 0x00000000c6900000, 0x00000000c6900000| Untracked 
| 106|0x00000000c6a00000, 0x00000000c6a00000, 0x00000000c6b00000|  0%| F|  |TAMS 0x00000000c6a00000, 0x00000000c6a00000| Untracked 
| 107|0x00000000c6b00000, 0x00000000c6b00000, 0x00000000c6c00000|  0%| F|  |TAMS 0x00000000c6b00000, 0x00000000c6b00000| Untracked 
| 108|0x00000000c6c00000, 0x00000000c6c00000, 0x00000000c6d00000|  0%| F|  |TAMS 0x00000000c6c00000, 0x00000000c6c00000| Untracked 
| 109|0x00000000c6d00000, 0x00000000c6d00000, 0x00000000c6e00000|  0%| F|  |TAMS 0x00000000c6d00000, 0x00000000c6d00000| Untracked 
| 110|0x00000000c6e00000, 0x00000000c6e00000, 0x00000000c6f00000|  0%| F|  |TAMS 0x00000000c6e00000, 0x00000000c6e00000| Untracked 
| 111|0x00000000c6f00000, 0x00000000c6f00000, 0x00000000c7000000|  0%| F|  |TAMS 0x00000000c6f00000, 0x00000000c6f00000| Untracked 
| 112|0x00000000c7000000, 0x00000000c7000000, 0x00000000c7100000|  0%| F|  |TAMS 0x00000000c7000000, 0x00000000c7000000| Untracked 
| 113|0x00000000c7100000, 0x00000000c7100000, 0x00000000c7200000|  0%| F|  |TAMS 0x00000000c7100000, 0x00000000c7100000| Untracked 
| 114|0x00000000c7200000, 0x00000000c7200000, 0x00000000c7300000|  0%| F|  |TAMS 0x00000000c7200000, 0x00000000c7200000| Untracked 
| 115|0x00000000c7300000, 0x00000000c7300000, 0x00000000c7400000|  0%| F|  |TAMS 0x00000000c7300000, 0x00000000c7300000| Untracked 
| 116|0x00000000c7400000, 0x00000000c7400000, 0x00000000c7500000|  0%| F|  |TAMS 0x00000000c7400000, 0x00000000c7400000| Untracked 
| 117|0x00000000c7500000, 0x00000000c7500000, 0x00000000c7600000|  0%| F|  |TAMS 0x00000000c7500000, 0x00000000c7500000| Untracked 
| 118|0x00000000c7600000, 0x00000000c7600000, 0x00000000c7700000|  0%| F|  |TAMS 0x00000000c7600000, 0x00000000c7600000| Untracked 
| 119|0x00000000c7700000, 0x00000000c7700000, 0x00000000c7800000|  0%| F|  |TAMS 0x00000000c7700000, 0x00000000c7700000| Untracked 
| 120|0x00000000c7800000, 0x00000000c7800000, 0x00000000c7900000|  0%| F|  |TAMS 0x00000000c7800000, 0x00000000c7800000| Untracked 
| 121|0x00000000c7900000, 0x00000000c7900000, 0x00000000c7a00000|  0%| F|  |TAMS 0x00000000c7900000, 0x00000000c7900000| Untracked 
| 122|0x00000000c7a00000, 0x00000000c7a00000, 0x00000000c7b00000|  0%| F|  |TAMS 0x00000000c7a00000, 0x00000000c7a00000| Untracked 
| 123|0x00000000c7b00000, 0x00000000c7b00000, 0x00000000c7c00000|  0%| F|  |TAMS 0x00000000c7b00000, 0x00000000c7b00000| Untracked 
| 124|0x00000000c7c00000, 0x00000000c7c00000, 0x00000000c7d00000|  0%| F|  |TAMS 0x00000000c7c00000, 0x00000000c7c00000| Untracked 
| 125|0x00000000c7d00000, 0x00000000c7d00000, 0x00000000c7e00000|  0%| F|  |TAMS 0x00000000c7d00000, 0x00000000c7d00000| Untracked 
| 126|0x00000000c7e00000, 0x00000000c7e00000, 0x00000000c7f00000|  0%| F|  |TAMS 0x00000000c7e00000, 0x00000000c7e00000| Untracked 
| 127|0x00000000c7f00000, 0x00000000c7f00000, 0x00000000c8000000|  0%| F|  |TAMS 0x00000000c7f00000, 0x00000000c7f00000| Untracked 
| 128|0x00000000c8000000, 0x00000000c800cce0, 0x00000000c8100000|  5%| E|  |TAMS 0x00000000c8000000, 0x00000000c8000000| Complete 
| 199|0x00000000cc700000, 0x00000000cc7ffff0, 0x00000000cc800000| 99%| O|  |TAMS 0x00000000cc7ffff0, 0x00000000cc700000| Untracked 

Card table byte_map: [0x000001d3ff070000,0x000001d3ff270000] _byte_map_base: 0x000001d3fea70000

Marking Bits (Prev, Next): (CMBitMap*) 0x000001d3ff005110, (CMBitMap*) 0x000001d3ff005150
 Prev Bits: [0x000001d385be0000, 0x000001d386be0000)
 Next Bits: [0x000001d386be0000, 0x000001d387be0000)

Polling page: 0x000001d3fcd80000

Metaspace:

Usage:
  Non-class:     45.45 MB used.
      Class:      7.70 MB used.
       Both:     53.15 MB used.

Virtual space:
  Non-class space:       64.00 MB reserved,      45.75 MB ( 71%) committed,  1 nodes.
      Class space:        1.00 GB reserved,       7.94 MB ( <1%) committed,  1 nodes.
             Both:        1.06 GB reserved,      53.69 MB (  5%) committed. 

Chunk freelists:
   Non-Class:  1.60 MB
       Class:  8.12 MB
        Both:  9.72 MB

MaxMetaspaceSize: unlimited
CompressedClassSpaceSize: 1.00 GB
Initial GC threshold: 21.00 MB
Current GC threshold: 89.50 MB
CDS: off
MetaspaceReclaimPolicy: balanced
 - commit_granule_bytes: 65536.
 - commit_granule_words: 8192.
 - virtual_space_node_default_size: 8388608.
 - enlarge_chunks_in_place: 1.
 - new_chunks_are_fully_committed: 0.
 - uncommit_free_chunks: 1.
 - use_allocation_guard: 0.
 - handle_deallocations: 1.


Internal statistics:

num_allocs_failed_limit: 8.
num_arena_births: 748.
num_arena_deaths: 244.
num_vsnodes_births: 2.
num_vsnodes_deaths: 0.
num_space_committed: 859.
num_space_uncommitted: 0.
num_chunks_returned_to_freelist: 297.
num_chunks_taken_from_freelist: 2599.
num_chunk_merges: 106.
num_chunk_splits: 1773.
num_chunks_enlarged: 1349.
num_inconsistent_stats: 0.

CodeCache: size=49152Kb used=14881Kb max_used=15408Kb free=34270Kb
 bounds [0x000001d382be0000, 0x000001d383b30000, 0x000001d385be0000]
 total_blobs=8717 nmethods=8143 adapters=502
 compilation: enabled
              stopped_count=0, restarted_count=0
 full_count=0

Compilation events (20 events):
Event: 8884.507 Thread 0x000001d3ff97c480 8183       1       java.lang.Thread::isDaemon (5 bytes)
Event: 8884.509 Thread 0x000001d3ff97c480 nmethod 8183 0x000001d383ad9e90 code [0x000001d383ada020, 0x000001d383ada0f8]
Event: 8884.509 Thread 0x000001d3ff97c480 8184       1       java.lang.Thread::getPriority (5 bytes)
Event: 8884.509 Thread 0x000001d3ff97c480 nmethod 8184 0x000001d383ad9b90 code [0x000001d383ad9d20, 0x000001d383ad9df8]
Event: 8947.041 Thread 0x000001d3ff97c480 8185       1       org.springframework.ide.vscode.commons.util.text.linetracker.ListLineTracker::getLineInformation (129 bytes)
Event: 8947.098 Thread 0x000001d3ff97c480 nmethod 8185 0x000001d383ad9290 code [0x000001d383ad9480, 0x000001d383ad9918]
Event: 8954.355 Thread 0x000001d3ff97c480 8187       1       org.springframework.ide.vscode.commons.util.text.linetracker.TreeLineTracker::rebalanceAfterInsertionRight (37 bytes)
Event: 8954.362 Thread 0x000001d3ff97c480 nmethod 8187 0x000001d383ad8e90 code [0x000001d383ad9040, 0x000001d383ad91b8]
Event: 8954.362 Thread 0x000001d3ff97c480 8188       1       org.springframework.ide.vscode.commons.util.text.linetracker.TreeLineTracker::singleLeftRotation (16 bytes)
Event: 8954.364 Thread 0x000001d3ff97c480 nmethod 8188 0x000001d383ad8b10 code [0x000001d383ad8ca0, 0x000001d383ad8da8]
Event: 8980.906 Thread 0x000001d3ff97c480 8189       1       org.springframework.ide.vscode.boot.java.BootJavaLanguageServerComponents::getHoverProvider (5 bytes)
Event: 8980.913 Thread 0x000001d3ff97c480 nmethod 8189 0x000001d383ad8810 code [0x000001d383ad89a0, 0x000001d383ad8a78]
Event: 8985.444 Thread 0x000001d3ff97c480 8190       1       org.eclipse.lsp4j.TextDocumentPositionAndWorkDoneProgressParams::<init> (5 bytes)
Event: 8985.448 Thread 0x000001d3ff97c480 nmethod 8190 0x000001d383ad8510 code [0x000001d383ad86a0, 0x000001d383ad8758]
Event: 8985.449 Thread 0x000001d3ff97c480 8191       1       org.eclipse.lsp4j.TextDocumentPositionParams::<init> (5 bytes)
Event: 8985.449 Thread 0x000001d3ff97c480 nmethod 8191 0x000001d383ad8210 code [0x000001d383ad83a0, 0x000001d383ad8458]
Event: 9011.275 Thread 0x000001d3ff97c480 8192       1       jdk.internal.reflect.ClassFileAssembler::opc_sipush (16 bytes)
Event: 9011.284 Thread 0x000001d3ff97c480 nmethod 8192 0x000001d383ad7c10 code [0x000001d383ad7de0, 0x000001d383ad8008]
Event: 9015.036 Thread 0x000001d3ff97c480 8193       1       org.springframework.ide.vscode.boot.java.handlers.BootJavaCodeActionProvider::handle (68 bytes)
Event: 9015.122 Thread 0x000001d3ff97c480 nmethod 8193 0x000001d383ad6f90 code [0x000001d383ad71c0, 0x000001d383ad7898]

GC Heap History (20 events):
Event: 52412.879 GC heap before
{Heap before GC invocations=3570 (full 3499):
 garbage-first heap   total 133120K, used 39395K [0x00000000c0000000, 0x0000000100000000)
  region size 1024K, 1 young (1024K), 0 survivors (0K)
 Metaspace       used 54427K, committed 54976K, reserved 1114112K
  class space    used 7882K, committed 8128K, reserved 1048576K
}
Event: 52412.940 GC heap after
{Heap after GC invocations=3571 (full 3500):
 garbage-first heap   total 133120K, used 39395K [0x00000000c0000000, 0x0000000100000000)
  region size 1024K, 0 young (0K), 0 survivors (0K)
 Metaspace       used 54427K, committed 54976K, reserved 1114112K
  class space    used 7882K, committed 8128K, reserved 1048576K
}
Event: 52423.424 GC heap before
{Heap before GC invocations=3571 (full 3500):
 garbage-first heap   total 133120K, used 39395K [0x00000000c0000000, 0x0000000100000000)
  region size 1024K, 1 young (1024K), 0 survivors (0K)
 Metaspace       used 54427K, committed 54976K, reserved 1114112K
  class space    used 7882K, committed 8128K, reserved 1048576K
}
Event: 52423.494 GC heap after
{Heap after GC invocations=3572 (full 3501):
 garbage-first heap   total 133120K, used 39395K [0x00000000c0000000, 0x0000000100000000)
  region size 1024K, 0 young (0K), 0 survivors (0K)
 Metaspace       used 54427K, committed 54976K, reserved 1114112K
  class space    used 7882K, committed 8128K, reserved 1048576K
}
Event: 52433.933 GC heap before
{Heap before GC invocations=3572 (full 3501):
 garbage-first heap   total 133120K, used 39395K [0x00000000c0000000, 0x0000000100000000)
  region size 1024K, 1 young (1024K), 0 survivors (0K)
 Metaspace       used 54427K, committed 54976K, reserved 1114112K
  class space    used 7882K, committed 8128K, reserved 1048576K
}
Event: 52433.999 GC heap after
{Heap after GC invocations=3573 (full 3502):
 garbage-first heap   total 133120K, used 39395K [0x00000000c0000000, 0x0000000100000000)
  region size 1024K, 0 young (0K), 0 survivors (0K)
 Metaspace       used 54427K, committed 54976K, reserved 1114112K
  class space    used 7882K, committed 8128K, reserved 1048576K
}
Event: 52444.198 GC heap before
{Heap before GC invocations=3573 (full 3502):
 garbage-first heap   total 133120K, used 39395K [0x00000000c0000000, 0x0000000100000000)
  region size 1024K, 1 young (1024K), 0 survivors (0K)
 Metaspace       used 54427K, committed 54976K, reserved 1114112K
  class space    used 7882K, committed 8128K, reserved 1048576K
}
Event: 52444.249 GC heap after
{Heap after GC invocations=3574 (full 3503):
 garbage-first heap   total 133120K, used 39395K [0x00000000c0000000, 0x0000000100000000)
  region size 1024K, 0 young (0K), 0 survivors (0K)
 Metaspace       used 54427K, committed 54976K, reserved 1114112K
  class space    used 7882K, committed 8128K, reserved 1048576K
}
Event: 52454.572 GC heap before
{Heap before GC invocations=3574 (full 3503):
 garbage-first heap   total 133120K, used 39395K [0x00000000c0000000, 0x0000000100000000)
  region size 1024K, 1 young (1024K), 0 survivors (0K)
 Metaspace       used 54427K, committed 54976K, reserved 1114112K
  class space    used 7882K, committed 8128K, reserved 1048576K
}
Event: 52454.638 GC heap after
{Heap after GC invocations=3575 (full 3504):
 garbage-first heap   total 133120K, used 39395K [0x00000000c0000000, 0x0000000100000000)
  region size 1024K, 0 young (0K), 0 survivors (0K)
 Metaspace       used 54427K, committed 54976K, reserved 1114112K
  class space    used 7882K, committed 8128K, reserved 1048576K
}
Event: 52465.027 GC heap before
{Heap before GC invocations=3575 (full 3504):
 garbage-first heap   total 133120K, used 39395K [0x00000000c0000000, 0x0000000100000000)
  region size 1024K, 1 young (1024K), 0 survivors (0K)
 Metaspace       used 54427K, committed 54976K, reserved 1114112K
  class space    used 7882K, committed 8128K, reserved 1048576K
}
Event: 52465.096 GC heap after
{Heap after GC invocations=3576 (full 3505):
 garbage-first heap   total 133120K, used 39395K [0x00000000c0000000, 0x0000000100000000)
  region size 1024K, 0 young (0K), 0 survivors (0K)
 Metaspace       used 54427K, committed 54976K, reserved 1114112K
  class space    used 7882K, committed 8128K, reserved 1048576K
}
Event: 52475.433 GC heap before
{Heap before GC invocations=3576 (full 3505):
 garbage-first heap   total 133120K, used 39395K [0x00000000c0000000, 0x0000000100000000)
  region size 1024K, 1 young (1024K), 0 survivors (0K)
 Metaspace       used 54427K, committed 54976K, reserved 1114112K
  class space    used 7882K, committed 8128K, reserved 1048576K
}
Event: 52475.495 GC heap after
{Heap after GC invocations=3577 (full 3506):
 garbage-first heap   total 133120K, used 39395K [0x00000000c0000000, 0x0000000100000000)
  region size 1024K, 0 young (0K), 0 survivors (0K)
 Metaspace       used 54427K, committed 54976K, reserved 1114112K
  class space    used 7882K, committed 8128K, reserved 1048576K
}
Event: 52485.764 GC heap before
{Heap before GC invocations=3577 (full 3506):
 garbage-first heap   total 133120K, used 39395K [0x00000000c0000000, 0x0000000100000000)
  region size 1024K, 1 young (1024K), 0 survivors (0K)
 Metaspace       used 54427K, committed 54976K, reserved 1114112K
  class space    used 7882K, committed 8128K, reserved 1048576K
}
Event: 52485.833 GC heap after
{Heap after GC invocations=3578 (full 3507):
 garbage-first heap   total 133120K, used 39395K [0x00000000c0000000, 0x0000000100000000)
  region size 1024K, 0 young (0K), 0 survivors (0K)
 Metaspace       used 54427K, committed 54976K, reserved 1114112K
  class space    used 7882K, committed 8128K, reserved 1048576K
}
Event: 52496.776 GC heap before
{Heap before GC invocations=3578 (full 3507):
 garbage-first heap   total 133120K, used 39395K [0x00000000c0000000, 0x0000000100000000)
  region size 1024K, 1 young (1024K), 0 survivors (0K)
 Metaspace       used 54427K, committed 54976K, reserved 1114112K
  class space    used 7882K, committed 8128K, reserved 1048576K
}
Event: 52496.845 GC heap after
{Heap after GC invocations=3579 (full 3508):
 garbage-first heap   total 133120K, used 39395K [0x00000000c0000000, 0x0000000100000000)
  region size 1024K, 0 young (0K), 0 survivors (0K)
 Metaspace       used 54427K, committed 54976K, reserved 1114112K
  class space    used 7882K, committed 8128K, reserved 1048576K
}
Event: 52508.241 GC heap before
{Heap before GC invocations=3579 (full 3508):
 garbage-first heap   total 133120K, used 39395K [0x00000000c0000000, 0x0000000100000000)
  region size 1024K, 1 young (1024K), 0 survivors (0K)
 Metaspace       used 54427K, committed 54976K, reserved 1114112K
  class space    used 7882K, committed 8128K, reserved 1048576K
}
Event: 52508.341 GC heap after
{Heap after GC invocations=3580 (full 3509):
 garbage-first heap   total 133120K, used 39395K [0x00000000c0000000, 0x0000000100000000)
  region size 1024K, 0 young (0K), 0 survivors (0K)
 Metaspace       used 54427K, committed 54976K, reserved 1114112K
  class space    used 7882K, committed 8128K, reserved 1048576K
}

Dll operation events (8 events):
Event: 0.041 Loaded shared library c:\Users\Camilo\.vscode\extensions\redhat.java-1.31.0-win32-x64\jre\17.0.11-win32-x86_64\bin\java.dll
Event: 4.601 Loaded shared library C:\Users\Camilo\.vscode\extensions\redhat.java-1.31.0-win32-x64\jre\17.0.11-win32-x86_64\bin\net.dll
Event: 4.611 Loaded shared library C:\Users\Camilo\.vscode\extensions\redhat.java-1.31.0-win32-x64\jre\17.0.11-win32-x86_64\bin\nio.dll
Event: 4.801 Loaded shared library C:\Users\Camilo\.vscode\extensions\redhat.java-1.31.0-win32-x64\jre\17.0.11-win32-x86_64\bin\zip.dll
Event: 9.284 Loaded shared library C:\Users\Camilo\.vscode\extensions\redhat.java-1.31.0-win32-x64\jre\17.0.11-win32-x86_64\bin\jimage.dll
Event: 15.991 Loaded shared library c:\Users\Camilo\.vscode\extensions\redhat.java-1.31.0-win32-x64\jre\17.0.11-win32-x86_64\bin\verify.dll
Event: 21.702 Loaded shared library C:\Users\Camilo\.vscode\extensions\redhat.java-1.31.0-win32-x64\jre\17.0.11-win32-x86_64\bin\management.dll
Event: 21.714 Loaded shared library C:\Users\Camilo\.vscode\extensions\redhat.java-1.31.0-win32-x64\jre\17.0.11-win32-x86_64\bin\management_ext.dll

Deoptimization events (20 events):
Event: 23.105 Thread 0x000001d38f3ccf70 DEOPT PACKING pc=0x000001d38312ea01 sp=0x000000a0459fdce0
Event: 23.105 Thread 0x000001d38f3ccf70 DEOPT UNPACKING pc=0x000001d382c37124 sp=0x000000a0459fd170 mode 3
Event: 23.176 Thread 0x000001d38f3cf2e0 DEOPT PACKING pc=0x000001d383111597 sp=0x000000a045aff230
Event: 23.176 Thread 0x000001d38f3cf2e0 DEOPT UNPACKING pc=0x000001d382c37124 sp=0x000000a045afe688 mode 3
Event: 1644.729 Thread 0x000001d38f3ccf70 DEOPT PACKING pc=0x000001d3831f6654 sp=0x000000a0459fefe0
Event: 1644.734 Thread 0x000001d38f3ccf70 DEOPT UNPACKING pc=0x000001d382c37124 sp=0x000000a0459fe488 mode 0
Event: 7167.905 Thread 0x000001d38f8380d0 DEOPT PACKING pc=0x000001d383892294 sp=0x000000a0456fdc10
Event: 7167.905 Thread 0x000001d38f8380d0 DEOPT UNPACKING pc=0x000001d382c37124 sp=0x000000a0456fd140 mode 0
Event: 7167.906 Thread 0x000001d38f8380d0 DEOPT PACKING pc=0x000001d38389c61c sp=0x000000a0456fde40
Event: 7167.906 Thread 0x000001d38f8380d0 DEOPT UNPACKING pc=0x000001d382c37124 sp=0x000000a0456fd348 mode 0
Event: 7167.907 Thread 0x000001d38f8380d0 DEOPT PACKING pc=0x000001d383826a7c sp=0x000000a0456fdf30
Event: 7167.907 Thread 0x000001d38f8380d0 DEOPT UNPACKING pc=0x000001d382c37124 sp=0x000000a0456fd428 mode 0
Event: 7167.907 Thread 0x000001d38f8380d0 DEOPT PACKING pc=0x000001d38382129c sp=0x000000a0456fe000
Event: 7167.907 Thread 0x000001d38f8380d0 DEOPT UNPACKING pc=0x000001d382c37124 sp=0x000000a0456fd4d8 mode 0
Event: 7167.907 Thread 0x000001d38f8380d0 DEOPT PACKING pc=0x000001d38381e124 sp=0x000000a0456fe0b0
Event: 7167.907 Thread 0x000001d38f8380d0 DEOPT UNPACKING pc=0x000001d382c37124 sp=0x000000a0456fd630 mode 0
Event: 7168.497 Thread 0x000001d38f8380d0 DEOPT PACKING pc=0x000001d3834ce6ac sp=0x000000a0456fda20
Event: 7168.497 Thread 0x000001d38f8380d0 DEOPT UNPACKING pc=0x000001d382c37124 sp=0x000000a0456fcfa8 mode 0
Event: 7173.164 Thread 0x000001d38f8380d0 DEOPT PACKING pc=0x000001d383931b5d sp=0x000000a0456fe8f0
Event: 7173.164 Thread 0x000001d38f8380d0 DEOPT UNPACKING pc=0x000001d382c37124 sp=0x000000a0456fdd00 mode 3

Classes unloaded (20 events):
Event: 9944.543 Thread 0x000001d3ff91e720 Unloading class 0x00000001007d0c00 'jdk/internal/reflect/GeneratedConstructorAccessor46'
Event: 9944.543 Thread 0x000001d3ff91e720 Unloading class 0x00000001007d0800 'jdk/internal/reflect/GeneratedConstructorAccessor45'
Event: 9944.543 Thread 0x000001d3ff91e720 Unloading class 0x00000001007d0400 'jdk/internal/reflect/GeneratedConstructorAccessor44'
Event: 9944.544 Thread 0x000001d3ff91e720 Unloading class 0x00000001007d0000 'jdk/internal/reflect/GeneratedConstructorAccessor43'
Event: 9944.544 Thread 0x000001d3ff91e720 Unloading class 0x00000001007cfc00 'jdk/internal/reflect/GeneratedConstructorAccessor42'
Event: 9944.544 Thread 0x000001d3ff91e720 Unloading class 0x00000001007cf800 'jdk/internal/reflect/GeneratedConstructorAccessor41'
Event: 9944.544 Thread 0x000001d3ff91e720 Unloading class 0x00000001007cf400 'jdk/internal/reflect/GeneratedConstructorAccessor40'
Event: 9944.544 Thread 0x000001d3ff91e720 Unloading class 0x00000001007cf000 'jdk/internal/reflect/GeneratedConstructorAccessor39'
Event: 9944.544 Thread 0x000001d3ff91e720 Unloading class 0x00000001007cec00 'jdk/internal/reflect/GeneratedConstructorAccessor38'
Event: 9944.544 Thread 0x000001d3ff91e720 Unloading class 0x00000001007ce800 'jdk/internal/reflect/GeneratedConstructorAccessor37'
Event: 9944.544 Thread 0x000001d3ff91e720 Unloading class 0x00000001007ce400 'jdk/internal/reflect/GeneratedConstructorAccessor36'
Event: 9944.544 Thread 0x000001d3ff91e720 Unloading class 0x00000001007cdc00 'jdk/internal/reflect/GeneratedConstructorAccessor34'
Event: 9944.544 Thread 0x000001d3ff91e720 Unloading class 0x00000001007cd800 'jdk/internal/reflect/GeneratedConstructorAccessor33'
Event: 9944.544 Thread 0x000001d3ff91e720 Unloading class 0x00000001007cd400 'jdk/internal/reflect/GeneratedConstructorAccessor32'
Event: 9944.544 Thread 0x000001d3ff91e720 Unloading class 0x00000001007cd000 'jdk/internal/reflect/GeneratedConstructorAccessor31'
Event: 9944.544 Thread 0x000001d3ff91e720 Unloading class 0x00000001007ccc00 'jdk/internal/reflect/GeneratedConstructorAccessor30'
Event: 9944.544 Thread 0x000001d3ff91e720 Unloading class 0x00000001007cc800 'jdk/internal/reflect/GeneratedConstructorAccessor29'
Event: 9944.544 Thread 0x000001d3ff91e720 Unloading class 0x00000001007cc400 'jdk/internal/reflect/GeneratedConstructorAccessor28'
Event: 9944.544 Thread 0x000001d3ff91e720 Unloading class 0x00000001007cc000 'jdk/internal/reflect/GeneratedConstructorAccessor27'
Event: 9944.544 Thread 0x000001d3ff91e720 Unloading class 0x00000001007c4400 'jdk/internal/reflect/GeneratedConstructorAccessor26'

Classes redefined (0 events):
No events

Internal exceptions (20 events):
Event: 7164.527 Thread 0x000001d38f836270 Exception <a 'sun/nio/fs/WindowsException'{0x00000000e308efd0}> (0x00000000e308efd0) 
thrown [s\src\hotspot\share\prims\jni.cpp, line 516]
Event: 7164.527 Thread 0x000001d38f836270 Exception <a 'sun/nio/fs/WindowsException'{0x00000000e308f380}> (0x00000000e308f380) 
thrown [s\src\hotspot\share\prims\jni.cpp, line 516]
Event: 7164.527 Thread 0x000001d38f836270 Exception <a 'sun/nio/fs/WindowsException'{0x00000000e308fd80}> (0x00000000e308fd80) 
thrown [s\src\hotspot\share\prims\jni.cpp, line 516]
Event: 7164.527 Thread 0x000001d38f836270 Exception <a 'sun/nio/fs/WindowsException'{0x00000000e3090140}> (0x00000000e3090140) 
thrown [s\src\hotspot\share\prims\jni.cpp, line 516]
Event: 7164.527 Thread 0x000001d38f836270 Exception <a 'sun/nio/fs/WindowsException'{0x00000000e3090b68}> (0x00000000e3090b68) 
thrown [s\src\hotspot\share\prims\jni.cpp, line 516]
Event: 7164.527 Thread 0x000001d38f836270 Exception <a 'sun/nio/fs/WindowsException'{0x00000000e3090f48}> (0x00000000e3090f48) 
thrown [s\src\hotspot\share\prims\jni.cpp, line 516]
Event: 7164.527 Thread 0x000001d38f836270 Exception <a 'sun/nio/fs/WindowsException'{0x00000000e3091980}> (0x00000000e3091980) 
thrown [s\src\hotspot\share\prims\jni.cpp, line 516]
Event: 7164.528 Thread 0x000001d38f836270 Exception <a 'sun/nio/fs/WindowsException'{0x00000000e3091d70}> (0x00000000e3091d70) 
thrown [s\src\hotspot\share\prims\jni.cpp, line 516]
Event: 7164.528 Thread 0x000001d38f836270 Exception <a 'sun/nio/fs/WindowsException'{0x00000000e3092798}> (0x00000000e3092798) 
thrown [s\src\hotspot\share\prims\jni.cpp, line 516]
Event: 7164.528 Thread 0x000001d38f836270 Exception <a 'sun/nio/fs/WindowsException'{0x00000000e3092b88}> (0x00000000e3092b88) 
thrown [s\src\hotspot\share\prims\jni.cpp, line 516]
Event: 7164.530 Thread 0x000001d38f835340 Exception <a 'java/lang/NoSuchMethodError'{0x00000000e2d07e90}: 'java.lang.Object java.lang.invoke.Invokers$Holder.invoke_MT(java.lang.Object, java.lang.Object, java.lang.Object)'> (0x00000000e2d07e90) 
thrown [s\src\hotspot\share\interpreter\linkResolver.cpp, line 759]
Event: 7164.758 Thread 0x000001d38f3d0210 Exception <a 'sun/nio/fs/WindowsException'{0x00000000df854628}> (0x00000000df854628) 
thrown [s\src\hotspot\share\prims\jni.cpp, line 516]
Event: 7164.759 Thread 0x000001d38f3d0210 Exception <a 'sun/nio/fs/WindowsException'{0x00000000df856e78}> (0x00000000df856e78) 
thrown [s\src\hotspot\share\prims\jni.cpp, line 516]
Event: 7164.760 Thread 0x000001d38f8371a0 Exception <a 'sun/nio/fs/WindowsException'{0x00000000df6276c8}> (0x00000000df6276c8) 
thrown [s\src\hotspot\share\prims\jni.cpp, line 516]
Event: 7164.761 Thread 0x000001d38f836270 Exception <a 'sun/nio/fs/WindowsException'{0x00000000df6fa2b0}> (0x00000000df6fa2b0) 
thrown [s\src\hotspot\share\prims\jni.cpp, line 516]
Event: 7164.761 Thread 0x000001d38f8371a0 Exception <a 'sun/nio/fs/WindowsException'{0x00000000df629f18}> (0x00000000df629f18) 
thrown [s\src\hotspot\share\prims\jni.cpp, line 516]
Event: 7164.762 Thread 0x000001d38f3d0210 Exception <a 'sun/nio/fs/WindowsException'{0x00000000df859690}> (0x00000000df859690) 
thrown [s\src\hotspot\share\prims\jni.cpp, line 516]
Event: 7165.070 Thread 0x000001d38f8380d0 Exception <a 'java/lang/NoSuchMethodError'{0x00000000f0e12048}: 'void java.lang.invoke.DirectMethodHandle$Holder.invokeStatic(java.lang.Object, java.lang.Object, java.lang.Object, java.lang.Object, java.lang.Object, java.lang.Object, java.lang.Object)'> (0x00000000f0e12048) 
thrown [s\src\hotspot\share\interpreter\linkResolver.cpp, line 759]
Event: 7680.559 Thread 0x000001d38f836780 Exception <a 'java/lang/NoSuchMethodError'{0x00000000ecc3a248}: 'java.lang.Object java.lang.invoke.DirectMethodHandle$Holder.newInvokeSpecial(java.lang.Object, java.lang.Object, int, java.lang.Object)'> (0x00000000ecc3a248) 
thrown [s\src\hotspot\share\interpreter\linkResolver.cpp, line 759]
Event: 7680.571 Thread 0x000001d38f836780 Exception <a 'java/lang/NoSuchMethodError'{0x00000000ecc3db68}: 'java.lang.Object java.lang.invoke.Invokers$Holder.linkToTargetMethod(java.lang.Object, int, java.lang.Object, java.lang.Object)'> (0x00000000ecc3db68) 
thrown [s\src\hotspot\share\interpreter\linkResolver.cpp, line 759]

VM Operations (20 events):
Event: 52412.941 Executing VM operation: G1CollectFull done
Event: 52423.423 Executing VM operation: G1CollectFull
Event: 52423.494 Executing VM operation: G1CollectFull done
Event: 52433.932 Executing VM operation: G1CollectFull
Event: 52434.003 Executing VM operation: G1CollectFull done
Event: 52444.198 Executing VM operation: G1CollectFull
Event: 52444.249 Executing VM operation: G1CollectFull done
Event: 52454.572 Executing VM operation: G1CollectFull
Event: 52454.638 Executing VM operation: G1CollectFull done
Event: 52465.026 Executing VM operation: G1CollectFull
Event: 52465.097 Executing VM operation: G1CollectFull done
Event: 52475.433 Executing VM operation: G1CollectFull
Event: 52475.495 Executing VM operation: G1CollectFull done
Event: 52485.764 Executing VM operation: G1CollectFull
Event: 52485.833 Executing VM operation: G1CollectFull done
Event: 52496.776 Executing VM operation: G1CollectFull
Event: 52496.845 Executing VM operation: G1CollectFull done
Event: 52508.241 Executing VM operation: G1CollectFull
Event: 52508.341 Executing VM operation: G1CollectFull done
Event: 52520.679 Executing VM operation: G1CollectFull

Events (20 events):
Event: 8913.330 Thread 0x000001d38f836270 Thread exited: 0x000001d38f836270
Event: 8927.091 Thread 0x000001d38f836270 Thread added: 0x000001d38f836270
Event: 8928.114 Thread 0x000001d38f836780 Thread added: 0x000001d38f836780
Event: 8932.383 Thread 0x000001d38f8380d0 Thread added: 0x000001d38f8380d0
Event: 8933.219 Thread 0x000001d38f836c90 Thread added: 0x000001d38f836c90
Event: 9011.388 Thread 0x000001d38f8376b0 Thread added: 0x000001d38f8376b0
Event: 9071.401 Thread 0x000001d38f835850 Thread exited: 0x000001d38f835850
Event: 9071.494 Thread 0x000001d38f836780 Thread exited: 0x000001d38f836780
Event: 9071.512 Thread 0x000001d38f835340 Thread exited: 0x000001d38f835340
Event: 9121.005 Thread 0x000001d38f836270 Thread exited: 0x000001d38f836270
Event: 9133.310 Thread 0x000001d38f8380d0 Thread exited: 0x000001d38f8380d0
Event: 9133.325 Thread 0x000001d38f836c90 Thread exited: 0x000001d38f836c90
Event: 9135.663 Thread 0x000001d38f835340 Thread added: 0x000001d38f835340
Event: 9276.256 Thread 0x000001d38f835340 Thread exited: 0x000001d38f835340
Event: 9351.932 Thread 0x000001d38f836780 Thread added: 0x000001d38f836780
Event: 9721.076 Thread 0x000001d38f836780 Thread exited: 0x000001d38f836780
Event: 9776.103 Thread 0x000001d38f835340 Thread added: 0x000001d38f835340
Event: 9836.091 Thread 0x000001d38f8376b0 Thread exited: 0x000001d38f8376b0
Event: 9844.225 Thread 0x000001d38f835340 Thread exited: 0x000001d38f835340
Event: 9961.678 Thread 0x000001d38f834e30 Thread exited: 0x000001d38f834e30


Dynamic libraries:
0x00007ff67ac30000 - 0x00007ff67ac3e000 	c:\Users\Camilo\.vscode\extensions\redhat.java-1.31.0-win32-x64\jre\17.0.11-win32-x86_64\bin\java.exe
0x00007fffd6c50000 - 0x00007fffd6e48000 	C:\Windows\SYSTEM32\ntdll.dll
0x00007fffd6020000 - 0x00007fffd60dd000 	C:\Windows\System32\KERNEL32.DLL
0x00007fffd4980000 - 0x00007fffd4c76000 	C:\Windows\System32\KERNELBASE.dll
0x00007fffd1550000 - 0x00007fffd15e0000 	C:\Windows\SYSTEM32\apphelp.dll
0x00007fffd4300000 - 0x00007fffd4400000 	C:\Windows\System32\ucrtbase.dll
0x00007fff96390000 - 0x00007fff963a7000 	c:\Users\Camilo\.vscode\extensions\redhat.java-1.31.0-win32-x64\jre\17.0.11-win32-x86_64\bin\jli.dll
0x00007fffd5ba0000 - 0x00007fffd5d3f000 	C:\Windows\System32\USER32.dll
0x00007fffd4870000 - 0x00007fffd4892000 	C:\Windows\System32\win32u.dll
0x00007fffd6550000 - 0x00007fffd657b000 	C:\Windows\System32\GDI32.dll
0x00007fffd4750000 - 0x00007fffd4867000 	C:\Windows\System32\gdi32full.dll
0x00007fffd4620000 - 0x00007fffd46bd000 	C:\Windows\System32\msvcp_win.dll
0x00007fff94dc0000 - 0x00007fff94ddb000 	c:\Users\Camilo\.vscode\extensions\redhat.java-1.31.0-win32-x64\jre\17.0.11-win32-x86_64\bin\VCRUNTIME140.dll
0x00007fffbb580000 - 0x00007fffbb81a000 	C:\Windows\WinSxS\amd64_microsoft.windows.common-controls_6595b64144ccf1df_6.0.19041.4355_none_60b8b9eb71f62e16\COMCTL32.dll
0x00007fffd6a20000 - 0x00007fffd6abe000 	C:\Windows\System32\msvcrt.dll
0x00007fffd6970000 - 0x00007fffd69a2000 	C:\Windows\System32\IMM32.DLL
0x00007fffbf6a0000 - 0x00007fffbf6ac000 	c:\Users\Camilo\.vscode\extensions\redhat.java-1.31.0-win32-x64\jre\17.0.11-win32-x86_64\bin\vcruntime140_1.dll
0x00007fff72550000 - 0x00007fff725dd000 	c:\Users\Camilo\.vscode\extensions\redhat.java-1.31.0-win32-x64\jre\17.0.11-win32-x86_64\bin\msvcp140.dll
0x00007fff3bf40000 - 0x00007fff3cba2000 	c:\Users\Camilo\.vscode\extensions\redhat.java-1.31.0-win32-x64\jre\17.0.11-win32-x86_64\bin\server\jvm.dll
0x00007fffd5e70000 - 0x00007fffd5f20000 	C:\Windows\System32\ADVAPI32.dll
0x00007fffd4ca0000 - 0x00007fffd4d40000 	C:\Windows\System32\sechost.dll
0x00007fffd4d40000 - 0x00007fffd4e63000 	C:\Windows\System32\RPCRT4.dll
0x00007fffd48a0000 - 0x00007fffd48c7000 	C:\Windows\System32\bcrypt.dll
0x00007fffd4150000 - 0x00007fffd419b000 	C:\Windows\SYSTEM32\POWRPROF.dll
0x00007fffb5930000 - 0x00007fffb5939000 	C:\Windows\SYSTEM32\WSOCK32.dll
0x00007fffd69b0000 - 0x00007fffd6a1b000 	C:\Windows\System32\WS2_32.dll
0x00007fffb6520000 - 0x00007fffb6547000 	C:\Windows\SYSTEM32\WINMM.dll
0x00007fffcc670000 - 0x00007fffcc67a000 	C:\Windows\SYSTEM32\VERSION.dll
0x00007fffd4130000 - 0x00007fffd4142000 	C:\Windows\SYSTEM32\UMPDC.dll
0x00007fffd2b10000 - 0x00007fffd2b22000 	C:\Windows\SYSTEM32\kernel.appcore.dll
0x00007fffaa550000 - 0x00007fffaa55a000 	c:\Users\Camilo\.vscode\extensions\redhat.java-1.31.0-win32-x64\jre\17.0.11-win32-x86_64\bin\jimage.dll
0x00007fffd2080000 - 0x00007fffd2264000 	C:\Windows\SYSTEM32\DBGHELP.DLL
0x00007fffaee40000 - 0x00007fffaee74000 	C:\Windows\SYSTEM32\dbgcore.DLL
0x00007fffd46c0000 - 0x00007fffd4742000 	C:\Windows\System32\bcryptPrimitives.dll
0x00007fff76a90000 - 0x00007fff76ab5000 	c:\Users\Camilo\.vscode\extensions\redhat.java-1.31.0-win32-x64\jre\17.0.11-win32-x86_64\bin\java.dll
0x00007fff8cc50000 - 0x00007fff8cc68000 	c:\Users\Camilo\.vscode\extensions\redhat.java-1.31.0-win32-x64\jre\17.0.11-win32-x86_64\bin\zip.dll
0x00007fffd4e70000 - 0x00007fffd55db000 	C:\Windows\System32\SHELL32.dll
0x00007fffd2270000 - 0x00007fffd2a0d000 	C:\Windows\SYSTEM32\windows.storage.dll
0x00007fffd6610000 - 0x00007fffd6963000 	C:\Windows\System32\combase.dll
0x00007fffd3c50000 - 0x00007fffd3c7e000 	C:\Windows\SYSTEM32\Wldp.dll
0x00007fffd5da0000 - 0x00007fffd5e6d000 	C:\Windows\System32\OLEAUT32.dll
0x00007fffd5700000 - 0x00007fffd57ad000 	C:\Windows\System32\SHCORE.dll
0x00007fffd5d40000 - 0x00007fffd5d95000 	C:\Windows\System32\shlwapi.dll
0x00007fffd4230000 - 0x00007fffd4254000 	C:\Windows\SYSTEM32\profapi.dll
0x00007fff80600000 - 0x00007fff80619000 	C:\Users\Camilo\.vscode\extensions\redhat.java-1.31.0-win32-x64\jre\17.0.11-win32-x86_64\bin\net.dll
0x00007fffc4d10000 - 0x00007fffc4e1a000 	C:\Windows\SYSTEM32\WINHTTP.dll
0x00007fffd39b0000 - 0x00007fffd3a1a000 	C:\Windows\system32\mswsock.dll
0x00007fff80330000 - 0x00007fff80346000 	C:\Users\Camilo\.vscode\extensions\redhat.java-1.31.0-win32-x64\jre\17.0.11-win32-x86_64\bin\nio.dll
0x00007fff96380000 - 0x00007fff96390000 	c:\Users\Camilo\.vscode\extensions\redhat.java-1.31.0-win32-x64\jre\17.0.11-win32-x86_64\bin\verify.dll
0x00007fffd3ba0000 - 0x00007fffd3bb8000 	C:\Windows\SYSTEM32\CRYPTSP.dll
0x00007fffd32d0000 - 0x00007fffd3304000 	C:\Windows\system32\rsaenh.dll
0x00007fffd41a0000 - 0x00007fffd41ce000 	C:\Windows\SYSTEM32\USERENV.dll
0x00007fffd3bc0000 - 0x00007fffd3bcc000 	C:\Windows\SYSTEM32\CRYPTBASE.dll
0x00007fffd3690000 - 0x00007fffd36cb000 	C:\Windows\SYSTEM32\IPHLPAPI.DLL
0x00007fffd4c80000 - 0x00007fffd4c88000 	C:\Windows\System32\NSI.dll
0x00007fffca740000 - 0x00007fffca757000 	C:\Windows\SYSTEM32\dhcpcsvc6.DLL
0x00007fffcaf80000 - 0x00007fffcaf9d000 	C:\Windows\SYSTEM32\dhcpcsvc.DLL
0x00007fffd36d0000 - 0x00007fffd379b000 	C:\Windows\SYSTEM32\DNSAPI.dll
0x00007fffce070000 - 0x00007fffce079000 	C:\Users\Camilo\.vscode\extensions\redhat.java-1.31.0-win32-x64\jre\17.0.11-win32-x86_64\bin\management.dll
0x00007fffcdbb0000 - 0x00007fffcdbbb000 	C:\Users\Camilo\.vscode\extensions\redhat.java-1.31.0-win32-x64\jre\17.0.11-win32-x86_64\bin\management_ext.dll
0x00007fffd6580000 - 0x00007fffd6588000 	C:\Windows\System32\PSAPI.DLL

dbghelp: loaded successfully - version: 4.0.5 - missing functions: none
symbol engine: initialized successfully - sym options: 0x614 - pdb path: .;c:\Users\Camilo\.vscode\extensions\redhat.java-1.31.0-win32-x64\jre\17.0.11-win32-x86_64\bin;C:\Windows\SYSTEM32;C:\Windows\WinSxS\amd64_microsoft.windows.common-controls_6595b64144ccf1df_6.0.19041.4355_none_60b8b9eb71f62e16;c:\Users\Camilo\.vscode\extensions\redhat.java-1.31.0-win32-x64\jre\17.0.11-win32-x86_64\bin\server

VM Arguments:
jvm_args: -Xmx1024m -Dsts.lsp.client=vscode -Dsts.log.file=/dev/null -XX:TieredStopAtLevel=1 -Xlog:jni+resolve=off -Dspring.config.location=file:c:\Users\Camilo\.vscode\extensions\vmware.vscode-spring-boot-1.55.0\language-server\BOOT-INF\classes\application.properties 
java_command: org.springframework.ide.vscode.boot.app.BootLanguageServerBootApp
java_class_path (initial): c:\Users\Camilo\.vscode\extensions\vmware.vscode-spring-boot-1.55.0\language-server\BOOT-INF\classes;c:\Users\Camilo\.vscode\extensions\vmware.vscode-spring-boot-1.55.0\language-server\BOOT-INF\lib\annotations-24.1.0.jar;c:\Users\Camilo\.vscode\extensions\vmware.vscode-spring-boot-1.55.0\language-server\BOOT-INF\lib\antlr4-runtime-4.13.1.jar;c:\Users\Camilo\.vscode\extensions\vmware.vscode-spring-boot-1.55.0\language-server\BOOT-INF\lib\asm-9.7.jar;c:\Users\Camilo\.vscode\extensions\vmware.vscode-spring-boot-1.55.0\language-server\BOOT-INF\lib\asm-analysis-9.7.jar;c:\Users\Camilo\.vscode\extensions\vmware.vscode-spring-boot-1.55.0\language-server\BOOT-INF\lib\asm-tree-9.7.jar;c:\Users\Camilo\.vscode\extensions\vmware.vscode-spring-boot-1.55.0\language-server\BOOT-INF\lib\asm-util-9.7.jar;c:\Users\Camilo\.vscode\extensions\vmware.vscode-spring-boot-1.55.0\language-server\BOOT-INF\lib\caffeine-3.1.8.jar;c:\Users\Camilo\.vscode\extensions\vmware.vscode-spring-boot-1.55.0\language-server\BOOT-INF\lib\checker-qual-3.12.0.jar;c:\Users\Camilo\.vscode\extensions\vmware.vscode-spring-boot-1.55.0\language-server\BOOT-INF\lib\classgraph-4.8.149.jar;c:\Users\Camilo\.vscode\extensions\vmware.vscode-spring-boot-1.55.0\language-server\BOOT-INF\lib\commons-codec-1.16.1.jar;c:\Users\Camilo\.vscode\extensions\vmware.vscode-spring-boot-1.55.0\language-server\BOOT-INF\lib\commons-compress-1.26.1.jar;c:\Users\Camilo\.vscode\extensions\vmware.vscode-spring-boot-1.55.0\language-server\BOOT-INF\lib\commons-io-2.16.1.jar;c:\Users\Camilo\.vscode\extensions\vmware.vscode-spring-boot-1.55.0\language-server\BOOT-INF\lib\commons-java-1.55.0-SNAPSHOT.jar;c:\Users\Camilo\.vscode\extensions\vmware.vscode-spring-boot-1.55.0\language-server\BOOT-INF\lib\commons-lang3-3.14.0.jar;c:\Users\Camilo\.vscode\extensions\vmware.vscode-spring-boot-1.55.0\language-server\BOOT-INF\lib\commons-language-server-1.55.0-SNAPSHOT.jar;c:\Users\Camilo\.vscode\extensions\vmware.vscode-spring-
Launcher Type: SUN_STANDARD

[Global flags]
     intx CICompilerCount                          = 3                                         {product} {ergonomic}
     uint ConcGCThreads                            = 1                                         {product} {ergonomic}
     uint G1ConcRefinementThreads                  = 4                                         {product} {ergonomic}
   size_t G1HeapRegionSize                         = 1048576                                   {product} {ergonomic}
    uintx GCDrainStackTargetSize                   = 64                                        {product} {ergonomic}
   size_t InitialHeapSize                          = 65011712                                  {product} {ergonomic}
   size_t MarkStackSize                            = 4194304                                   {product} {ergonomic}
   size_t MaxHeapSize                              = 1073741824                                {product} {command line}
   size_t MaxNewSize                               = 643825664                                 {product} {ergonomic}
   size_t MinHeapDeltaBytes                        = 1048576                                   {product} {ergonomic}
   size_t MinHeapSize                              = 8388608                                   {product} {ergonomic}
    uintx NonProfiledCodeHeapSize                  = 0                                      {pd product} {ergonomic}
     bool ProfileInterpreter                       = false                                  {pd product} {command line}
    uintx ProfiledCodeHeapSize                     = 0                                      {pd product} {ergonomic}
   size_t SoftMaxHeapSize                          = 1073741824                             {manageable} {ergonomic}
     intx TieredStopAtLevel                        = 1                                         {product} {command line}
     bool UseCompressedClassPointers               = true                           {product lp64_product} {ergonomic}
     bool UseCompressedOops                        = true                           {product lp64_product} {ergonomic}
     bool UseG1GC                                  = true                                      {product} {ergonomic}
     bool UseLargePagesIndividualAllocation        = false                                  {pd product} {ergonomic}

Logging:
Log output configuration:
 #0: stdout all=warning,jni+resolve=off uptime,level,tags
 #1: stderr all=off uptime,level,tags

Environment Variables:
JAVA_HOME=C:\Program Files\Java\jdk-17
CLASSPATH=.;C:\Program Files\Java\jdk-17\lib;
PATH=C:\Program Files\Java\jdk-17\bin;C:\Program Files\Common Files\Oracle\Java\javapath;C:\Windows\system32;C:\Windows;C:\Windows\System32\Wbem;C:\Windows\System32\WindowsPowerShell\v1.0\;C:\Windows\System32\OpenSSH\;C:\Program Files\Intel\WiFi\bin\;C:\Program Files\Common Files\Intel\WirelessCommon\;C:\Program Files\nodejs\;C:\Program Files\Git\cmd;C:\Users\Camilo\AppData\Local\Microsoft\WindowsApps;C:\Users\Camilo\AppData\Local\Programs\Microsoft VS Code\bin;C:\Users\Camilo\AppData\Roaming\npm
USERNAME=Camilo
OS=Windows_NT
PROCESSOR_IDENTIFIER=Intel64 Family 6 Model 142 Stepping 12, GenuineIntel
TMP=C:\Users\Camilo\AppData\Local\Temp
TEMP=C:\Users\Camilo\AppData\Local\Temp



Periodic native trim disabled


---------------  S Y S T E M  ---------------

OS:
 Windows 10 , 64 bit Build 19041 (10.0.19041.3636)
OS uptime: 13 days 5:51 hours

CPU: total 4 (initial active 4) (2 cores per cpu, 2 threads per core) family 6 model 142 stepping 12 microcode 0xde, cx8, cmov, fxsr, ht, mmx, 3dnowpref, sse, sse2, sse3, ssse3, sse4.1, sse4.2, popcnt, lzcnt, tsc, tscinvbit, aes, erms, clmul, clflush, clflushopt
Processor Information for all 4 processors :
  Max Mhz: 2304, Current Mhz: 2304, Mhz Limit: 2304

Memory: 4k page, system-wide physical 3948M (199M free)
TotalPageFile size 16236M (AvailPageFile size 12M)
current process WorkingSet (physical memory assigned to process): 75M, peak: 963M
current process commit charge ("private bytes"): 298M, peak: 1113M

vm_info: OpenJDK 64-Bit Server VM (17.0.11+9) for windows-amd64 JRE (17.0.11+9), built on Apr 17 2024 06:07:48 by "admin" with MS VC++ 16.10 / 16.11 (VS2019)

END.
